0 info it worked if it ends with ok
1 verbose cli [ '/usr/local/Cellar/node/5.3.0/bin/node',
1 verbose cli   '/usr/local/bin/npm',
1 verbose cli   'start' ]
2 info using npm@3.5.2
3 info using node@v5.3.0
4 verbose run-script [ 'prestart', 'start', 'poststart' ]
5 info lifecycle angular-fullstack@0.0.0~prestart: angular-fullstack@0.0.0
6 silly lifecycle angular-fullstack@0.0.0~prestart: no script for prestart, continuing
7 info lifecycle angular-fullstack@0.0.0~start: angular-fullstack@0.0.0
8 verbose lifecycle angular-fullstack@0.0.0~start: unsafe-perm in lifecycle true
9 verbose lifecycle angular-fullstack@0.0.0~start: PATH: /usr/local/lib/node_modules/npm/bin/node-gyp-bin:/Users/jeremymarshall/src/node/angular-fullstack/dist/node_modules/.bin:/Users/jeremymarshall/perl5/perlbrew/bin:/usr/local/bin:/usr/bin:/bin:/usr/sbin:/sbin:/opt/X11/bin
10 verbose lifecycle angular-fullstack@0.0.0~start: CWD: /Users/jeremymarshall/src/node/angular-fullstack/dist
11 silly lifecycle angular-fullstack@0.0.0~start: Args: [ '-c', 'node server/app.js' ]
12 silly lifecycle angular-fullstack@0.0.0~start: Returned: code: 255  signal: null
13 info lifecycle angular-fullstack@0.0.0~start: Failed to exec start script
14 verbose stack Error: angular-fullstack@0.0.0 start: `node server/app.js`
14 verbose stack Exit status 255
14 verbose stack     at EventEmitter.<anonymous> (/usr/local/lib/node_modules/npm/lib/utils/lifecycle.js:232:16)
14 verbose stack     at emitTwo (events.js:87:13)
14 verbose stack     at EventEmitter.emit (events.js:172:7)
14 verbose stack     at ChildProcess.<anonymous> (/usr/local/lib/node_modules/npm/lib/utils/spawn.js:24:14)
14 verbose stack     at emitTwo (events.js:87:13)
14 verbose stack     at ChildProcess.emit (events.js:172:7)
14 verbose stack     at maybeClose (internal/child_process.js:818:16)
14 verbose stack     at Process.ChildProcess._handle.onexit (internal/child_process.js:211:5)
15 verbose pkgid angular-fullstack@0.0.0
16 verbose cwd /Users/jeremymarshall/src/node/angular-fullstack/dist
17 error Darwin 15.2.0
18 error argv "/usr/local/Cellar/node/5.3.0/bin/node" "/usr/local/bin/npm" "start"
19 error node v5.3.0
20 error npm  v3.5.2
21 error code ELIFECYCLE
22 error angular-fullstack@0.0.0 start: `node server/app.js`
22 error Exit status 255
23 error Failed at the angular-fullstack@0.0.0 start script 'node server/app.js'.
23 error Make sure you have the latest version of node.js and npm installed.
23 error If you do, this is most likely a problem with the angular-fullstack package,
23 error not with npm itself.
23 error Tell the author that this fails on your system:
23 error     node server/app.js
23 error You can get information on how to open an issue for this project with:
23 error     npm bugs angular-fullstack
23 error Or if that isn't available, you can get their info via:
23 error     npm owner ls angular-fullstack
23 error There is likely additional logging output above.
24 verbose exit [ 1, true ]
